<?xml version="1.0" encoding="UTF-8"?>
<testng-results skipped="0" failed="0" ignored="0" total="1" passed="1">
  <reporter-output>
  </reporter-output>
  <suite name="Surefire suite" duration-ms="9" started-at="2019-04-12T15:51:33Z" finished-at="2019-04-12T15:51:33Z">
    <groups>
    </groups>
    <test name="Surefire test" duration-ms="9" started-at="2019-04-12T15:51:33Z" finished-at="2019-04-12T15:51:33Z">
      <class name="GmailWebApp.GmailWeb.AppTest">
        <test-method status="PASS" signature="testApp()[pri:0, instance:testApp(GmailWebApp.GmailWeb.AppTest)]" name="testApp" duration-ms="2" started-at="2019-04-12T15:51:33Z" finished-at="2019-04-12T15:51:33Z">
          <reporter-output>
          </reporter-output>
        </test-method> <!-- testApp -->
      </class> <!-- GmailWebApp.GmailWeb.AppTest -->
    </test> <!-- Surefire test -->
  </suite> <!-- Surefire suite -->
</testng-results>
